\BOOKMARK [1][-]{section.1}{Introduction}{}% 1
\BOOKMARK [1][-]{section.2}{Tweet Pooling for LDA Topic Modeling}{}% 2
\BOOKMARK [2][-]{subsection.2.1}{Latent Dirichlet Allocation and Topic Modeling}{section.2}% 3
\BOOKMARK [2][-]{subsection.2.2}{Tweet Pooling Schemes}{section.2}% 4
\BOOKMARK [1][-]{section.3}{Twitter Dataset Construction}{}% 5
\BOOKMARK [1][-]{section.4}{Evaluating Topic Models - Metrics used}{}% 6
\BOOKMARK [2][-]{subsection.4.1}{Purity Scores}{section.4}% 7
\BOOKMARK [2][-]{subsection.4.2}{Normalized Mutual Information}{section.4}% 8
\BOOKMARK [2][-]{subsection.4.3}{Pointwise Mutual Information}{section.4}% 9
\BOOKMARK [1][-]{section.5}{Initial Results for Pooling Schemes}{}% 10
\BOOKMARK [2][-]{subsection.5.1}{Document Characteristics for Different Pooling Schemes}{section.5}% 11
\BOOKMARK [2][-]{subsection.5.2}{Comparison of Pooling Schemes}{section.5}% 12
\BOOKMARK [1][-]{section.6}{General Study of Hashtags \046 Hashtag Pooling}{}% 13
\BOOKMARK [2][-]{subsection.6.1}{How Many Tweets have Hashtags?}{section.6}% 14
\BOOKMARK [2][-]{subsection.6.2}{Incorporating Other Tweets :: Brute Force Approach}{section.6}% 15
\BOOKMARK [2][-]{subsection.6.3}{Automatic Hashtag Labeling}{section.6}% 16
\BOOKMARK [3][-]{subsubsection.6.3.1}{Algorithm}{subsection.6.3}% 17
\BOOKMARK [3][-]{subsubsection.6.3.2}{Hashtag Assignment Results}{subsection.6.3}% 18
\BOOKMARK [3][-]{subsubsection.6.3.3}{Other Similarity Metrics}{subsection.6.3}% 19
\BOOKMARK [1][-]{section.7}{Overall Comparison}{}% 20
\BOOKMARK [1][-]{section.8}{Related Work}{}% 21
\BOOKMARK [1][-]{section.9}{Summary and Conclusion}{}% 22
